Flow report for dualPort_ramSR
Thu Jul 08 15:14:52 2021
Quartus II 64-Bit Version 13.0.0 Build 156 04/24/2013 SJ Web Edition


---------------------
; Table of Contents ;
---------------------
  1. Legal Notice
  2. Flow Summary
  3. Flow Settings
  4. Flow Non-Default Global Settings
  5. Flow Elapsed Time
  6. Flow OS Summary
  7. Flow Log
  8. Flow Messages
  9. Flow Suppressed Messages



----------------
; Legal Notice ;
----------------
Copyright (C) 1991-2013 Altera Corporation
Your use of Altera Corporation's design tools, logic functions 
and other software and tools, and its AMPP partner logic 
functions, and any output files from any of the foregoing 
(including device programming or simulation files), and any 
associated documentation or information are expressly subject 
to the terms and conditions of the Altera Program License 
Subscription Agreement, Altera MegaCore Function License 
Agreement, or other applicable license agreement, including, 
without limitation, that your use is for the sole purpose of 
programming logic devices manufactured by Altera and sold by 
Altera or its authorized distributors.  Please refer to the 
applicable agreement for further details.



+---------------------------------------------------------------------------------+
; Flow Summary                                                                    ;
+------------------------------------+--------------------------------------------+
; Flow Status                        ; Successful - Thu Jul 08 15:14:52 2021      ;
; Quartus II 64-Bit Version          ; 13.0.0 Build 156 04/24/2013 SJ Web Edition ;
; Revision Name                      ; dualPort_ramSR                             ;
; Top-level Entity Name              ; dualPort_ramSR                             ;
; Family                             ; Cyclone IV GX                              ;
; Device                             ; EP4CGX150CF23C8                            ;
; Timing Models                      ; Final                                      ;
; Total logic elements               ; 169 / 149,760 ( < 1 % )                    ;
;     Total combinational functions  ; 164 / 149,760 ( < 1 % )                    ;
;     Dedicated logic registers      ; 80 / 149,760 ( < 1 % )                     ;
; Total registers                    ; 80                                         ;
; Total pins                         ; 42 / 287 ( 15 % )                          ;
; Total virtual pins                 ; 0                                          ;
; Total memory bits                  ; 0 / 6,635,520 ( 0 % )                      ;
; Embedded Multiplier 9-bit elements ; 0 / 720 ( 0 % )                            ;
; Total GXB Receiver Channel PCS     ; 0 / 4 ( 0 % )                              ;
; Total GXB Receiver Channel PMA     ; 0 / 4 ( 0 % )                              ;
; Total GXB Transmitter Channel PCS  ; 0 / 4 ( 0 % )                              ;
; Total GXB Transmitter Channel PMA  ; 0 / 4 ( 0 % )                              ;
; Total PLLs                         ; 0 / 6 ( 0 % )                              ;
+------------------------------------+--------------------------------------------+


+-----------------------------------------+
; Flow Settings                           ;
+-------------------+---------------------+
; Option            ; Setting             ;
+-------------------+---------------------+
; Start date & time ; 07/08/2021 15:13:41 ;
; Main task         ; Compilation         ;
; Revision Name     ; dualPort_ramSR      ;
+-------------------+---------------------+


+---------------------------------------------------------------------------------------------------------------------+
; Flow Non-Default Global Settings                                                                                    ;
+-------------------------------------+--------------------------------+---------------+-------------+----------------+
; Assignment Name                     ; Value                          ; Default Value ; Entity Name ; Section Id     ;
+-------------------------------------+--------------------------------+---------------+-------------+----------------+
; COMPILER_SIGNATURE_ID               ; 10995770589201.162578242012612 ; --            ; --          ; --             ;
; EDA_GENERATE_FUNCTIONAL_NETLIST     ; On                             ; --            ; --          ; eda_simulation ;
; EDA_OUTPUT_DATA_FORMAT              ; Verilog Hdl                    ; --            ; --          ; eda_simulation ;
; EDA_SIMULATION_TOOL                 ; ModelSim-Altera (Verilog)      ; <None>        ; --          ; --             ;
; MAX_CORE_JUNCTION_TEMP              ; 85                             ; --            ; --          ; --             ;
; MIN_CORE_JUNCTION_TEMP              ; 0                              ; --            ; --          ; --             ;
; NOMINAL_CORE_SUPPLY_VOLTAGE         ; 1.2V                           ; --            ; --          ; --             ;
; PARTITION_COLOR                     ; 16764057                       ; --            ; --          ; Top            ;
; PARTITION_FITTER_PRESERVATION_LEVEL ; PLACEMENT_AND_ROUTING          ; --            ; --          ; Top            ;
; PARTITION_NETLIST_TYPE              ; SOURCE                         ; --            ; --          ; Top            ;
; PROJECT_OUTPUT_DIRECTORY            ; output_files                   ; --            ; --          ; --             ;
+-------------------------------------+--------------------------------+---------------+-------------+----------------+


+-------------------------------------------------------------------------------------------------------------------------------+
; Flow Elapsed Time                                                                                                             ;
+---------------------------+--------------+-------------------------+---------------------+------------------------------------+
; Module Name               ; Elapsed Time ; Average Processors Used ; Peak Virtual Memory ; Total CPU Time (on all processors) ;
+---------------------------+--------------+-------------------------+---------------------+------------------------------------+
; Analysis & Synthesis      ; 00:00:04     ; 1.0                     ; 4637 MB             ; 00:00:03                           ;
; Fitter                    ; 00:00:42     ; 1.0                     ; 5205 MB             ; 00:00:41                           ;
; Assembler                 ; 00:00:13     ; 1.0                     ; 4636 MB             ; 00:00:13                           ;
; TimeQuest Timing Analyzer ; 00:00:06     ; 1.0                     ; 4686 MB             ; 00:00:06                           ;
; EDA Netlist Writer        ; 00:00:04     ; 1.0                     ; 4573 MB             ; 00:00:04                           ;
; Total                     ; 00:01:09     ; --                      ; --                  ; 00:01:07                           ;
+---------------------------+--------------+-------------------------+---------------------+------------------------------------+


+----------------------------------------------------------------------------------------+
; Flow OS Summary                                                                        ;
+---------------------------+------------------+-----------+------------+----------------+
; Module Name               ; Machine Hostname ; OS Name   ; OS Version ; Processor type ;
+---------------------------+------------------+-----------+------------+----------------+
; Analysis & Synthesis      ; DESKTOP-92AEKAJ  ; Windows 7 ; 6.2        ; x86_64         ;
; Fitter                    ; DESKTOP-92AEKAJ  ; Windows 7 ; 6.2        ; x86_64         ;
; Assembler                 ; DESKTOP-92AEKAJ  ; Windows 7 ; 6.2        ; x86_64         ;
; TimeQuest Timing Analyzer ; DESKTOP-92AEKAJ  ; Windows 7 ; 6.2        ; x86_64         ;
; EDA Netlist Writer        ; DESKTOP-92AEKAJ  ; Windows 7 ; 6.2        ; x86_64         ;
+---------------------------+------------------+-----------+------------+----------------+


------------
; Flow Log ;
------------
quartus_map --read_settings_files=on --write_settings_files=off dualPort_ramSR -c dualPort_ramSR
quartus_fit --read_settings_files=off --write_settings_files=off dualPort_ramSR -c dualPort_ramSR
quartus_asm --read_settings_files=off --write_settings_files=off dualPort_ramSR -c dualPort_ramSR
quartus_sta dualPort_ramSR -c dualPort_ramSR
quartus_eda --read_settings_files=off --write_settings_files=off dualPort_ramSR -c dualPort_ramSR



